<?xml version="1.0" encoding="UTF-8"?>
<!-- Generated by org.testng.reporters.JUnitXMLReporter -->
<testsuite hostname="Sudheers-MacBook-Air.local" ignored="0" name="Default test" tests="2" failures="0" timestamp="01 Jun 2019 02:01:10 GMT" time="52.436" errors="0">
  <testcase name="testLoginWithValidCredentials" time="7.881" classname="com.wordpress.tests.LoginTest"/>
  <testcase name="testLoginWithInvalidCredentials_InvalidUser" time="16.296" classname="com.wordpress.tests.LoginTest"/>
</testsuite> <!-- Default test -->
