<?xml version="1.0" encoding="UTF-8"?>
<!-- Generated by org.testng.reporters.JUnitXMLReporter -->
<testsuite hostname="Sudheers-MacBook-Air.local" ignored="0" name="login" tests="2" failures="0" timestamp="30 May 2019 01:43:43 GMT" time="63.078" errors="0">
  <testcase name="testLoginWithValidCredentials" time="8.993" classname="com.wordpress.tests.LoginTest"/>
  <testcase name="testLoginWithInvalidCredentials_InvalidUser" time="3.278" classname="com.wordpress.tests.LoginTest"/>
</testsuite> <!-- login -->
